<?xml version="1.0" encoding="UTF-8"?>
<testsuite xmlns:xsi="http://www.w3.org/2001/XMLSchema-instance" xsi:noNamespaceSchemaLocation="https://maven.apache.org/surefire/maven-surefire-plugin/xsd/surefire-test-report.xsd" version="3.0.2" name="cz.cvut.fel.annotator.MediaAssetAnnotatorServerApplicationTests" time="1.852" tests="1" errors="0" skipped="0" failures="0">
  <properties>
[...]
</properties>
  <testcase name="contextLoads" classname="cz.cvut.fel.annotator.MediaAssetAnnotatorServerApplicationTests" time="0.341">
    <system-out><![CDATA[10:35:39.068 [main] INFO org.springframework.test.context.support.AnnotationConfigContextLoaderUtils -- Could not detect default configuration classes for test class [cz.cvut.fel.annotator.MediaAssetAnnotatorServerApplicationTests]: MediaAssetAnnotatorServerApplicationTests does not declare any static, non-private, non-final, nested classes annotated with @Configuration.
10:35:39.122 [main] INFO org.springframework.boot.test.context.SpringBootTestContextBootstrapper -- Found @SpringBootConfiguration cz.cvut.fel.annotator.MediaAssetAnnotatorServerApplication for test class cz.cvut.fel.annotator.MediaAssetAnnotatorServerApplicationTests

  ,---.                           ,--.           ,--.
 /  O  \ ,--,--, ,--,--,  ,---. ,-'  '-.,--,--.,-'  '-. ,---. ,--.--.
|  .-.  ||      \|      \| .-. |'-.  .-' ,-.  |'-.  .-'| .-. ||  .--'
|  | |  ||  ||  ||  ||  |' '-' '  |  | \ '-'  |  |  |  ' '-' '|  |
`--' `--'`--''--'`--''--' `---'   `--'  `--`--'  `--'   `---' `--'

 
Powered by Spring Boot 4.0.2
2026-02-13 10:35:39 INFO  c.c.f.a.MediaAssetAnnotatorServerApplicationTests - Starting MediaAssetAnnotatorServerApplicationTests using Java 21.0.2 with PID 8690 (started by yevgeniy in /Users/yevgeniy/Documents/Documents - Yevgeniy’s MacBook Air/CTU/Maga 3.sem/DP/media-asset-annotator-server)
2026-02-13 10:35:39 INFO  c.c.f.a.MediaAssetAnnotatorServerApplicationTests - No active profile set, falling back to 1 default profile: "default"
2026-02-13 10:35:39 INFO  c.c.k.j.m.JOPAPersistenceProvider - This is JOPA 2.8.1, built on 2026-01-28T09:00:32Z...
2026-02-13 10:35:40 INFO  o.s.b.a.e.web.EndpointLinksResolver - Exposing 2 endpoints beneath base path '/actuator'
2026-02-13 10:35:40 INFO  c.c.f.a.MediaAssetAnnotatorServerApplicationTests - Started MediaAssetAnnotatorServerApplicationTests in 1.287 seconds (process running for 1.895)
]]></system-out>
    <system-err><![CDATA[Mockito is currently self-attaching to enable the inline-mock-maker. This will no longer work in future releases of the JDK. Please add Mockito as an agent to your build as described in Mockito's documentation: https://javadoc.io/doc/org.mockito/mockito-core/latest/org.mockito/org/mockito/Mockito.html#0.3
WARNING: A Java agent has been loaded dynamically (/Users/yevgeniy/.m2/repository/net/bytebuddy/byte-buddy-agent/1.17.8/byte-buddy-agent-1.17.8.jar)
WARNING: If a serviceability tool is in use, please run with -XX:+EnableDynamicAgentLoading to hide this warning
WARNING: If a serviceability tool is not in use, please run with -Djdk.instrument.traceUsage for more information
WARNING: Dynamic loading of agents will be disallowed by default in a future release
]]></system-err>
  </testcase>
</testsuite>